<?xml version="1.0" encoding="UTF-8"?>
<!-- Generated by org.testng.reporters.JUnitReportReporter -->
<testsuite hostname="Siddhant" failures="0" tests="1" name="com.ECartAID.TestCases.LoginPageTestCase" time="23.771" errors="0" timestamp="2023-06-24T07:59:40 IST" skipped="0">
  <testcase classname="com.ECartAID.TestCases.LoginPageTestCase" name="login" time="23.771"/>
  <system-out/>
</testsuite> <!-- com.ECartAID.TestCases.LoginPageTestCase -->
