<?xml version="1.0" encoding="UTF-8"?>
<!-- Generated by org.testng.reporters.JUnitReportReporter -->
<testsuite hostname="Siddhant" failures="0" tests="2" name="com.ECartAID.TestCases.HomePageTestCases" time="26.681" errors="0" timestamp="2023-06-24T07:59:40 IST" skipped="0">
  <testcase classname="com.ECartAID.TestCases.HomePageTestCases" name="verifytile" time="10.302"/>
  <system-out/>
  <testcase classname="com.ECartAID.TestCases.HomePageTestCases" name="veirycategoryvisiblity" time="16.379"/>
  <system-out/>
</testsuite> <!-- com.ECartAID.TestCases.HomePageTestCases -->
